{ "time": "2024-04-17 10:43:35.6705", "event": "0", "level": "DEBUG", "logger": "Program", "message": "init main" }
{ "time": "2024-04-17 10:43:40.4703", "event": "14", "level": "INFO", "logger": "Microsoft.Hosting.Lifetime", "message": "Now listening on: https://localhost:7178", "address": "https://localhost:7178", "EventId": 14, "EventName": "ListeningOnAddress" }
{ "time": "2024-04-17 10:43:40.4895", "event": "14", "level": "INFO", "logger": "Microsoft.Hosting.Lifetime", "message": "Now listening on: http://localhost:5069", "address": "http://localhost:5069", "EventId": 14, "EventName": "ListeningOnAddress" }
{ "time": "2024-04-17 10:43:40.4895", "event": "0", "level": "INFO", "logger": "Microsoft.Hosting.Lifetime", "message": "Application started. Press Ctrl+C to shut down." }
{ "time": "2024-04-17 10:43:40.4895", "event": "0", "level": "INFO", "logger": "Microsoft.Hosting.Lifetime", "message": "Hosting environment: Development", "EnvName": "Development" }
{ "time": "2024-04-17 10:43:40.4895", "event": "0", "level": "INFO", "logger": "Microsoft.Hosting.Lifetime", "message": "Content root path: E:\\.NET WORKSPACE-1\\Websites1\\2023\\2024\\GOOGLE-KEEP-CLONE\\FunDooNotes\\FunDooNotes\\FunDooNotes", "ContentRoot": "E:\\.NET WORKSPACE-1\\Websites1\\2023\\2024\\GOOGLE-KEEP-CLONE\\FunDooNotes\\FunDooNotes\\FunDooNotes" }
{ "time": "2024-04-17 10:43:47.8127", "event": "0", "level": "DEBUG", "logger": "FunDooNotes.Controllers.UserController", "message": "Nlog is integrated to User Controller", "url": "https://localhost/api/user/login", "action": "UserLogin" }
{ "time": "2024-04-17 10:50:35.2065", "event": "0", "level": "DEBUG", "logger": "Program", "message": "init main" }
{ "time": "2024-04-17 10:50:36.5431", "event": "14", "level": "INFO", "logger": "Microsoft.Hosting.Lifetime", "message": "Now listening on: https://localhost:7178", "address": "https://localhost:7178", "EventId": 14, "EventName": "ListeningOnAddress" }
{ "time": "2024-04-17 10:50:36.5545", "event": "14", "level": "INFO", "logger": "Microsoft.Hosting.Lifetime", "message": "Now listening on: http://localhost:5069", "address": "http://localhost:5069", "EventId": 14, "EventName": "ListeningOnAddress" }
{ "time": "2024-04-17 10:50:36.5545", "event": "0", "level": "INFO", "logger": "Microsoft.Hosting.Lifetime", "message": "Application started. Press Ctrl+C to shut down." }
{ "time": "2024-04-17 10:50:36.5545", "event": "0", "level": "INFO", "logger": "Microsoft.Hosting.Lifetime", "message": "Hosting environment: Development", "EnvName": "Development" }
{ "time": "2024-04-17 10:50:36.5545", "event": "0", "level": "INFO", "logger": "Microsoft.Hosting.Lifetime", "message": "Content root path: E:\\.NET WORKSPACE-1\\Websites1\\2023\\2024\\GOOGLE-KEEP-CLONE\\FunDooNotes\\FunDooNotes\\FunDooNotes", "ContentRoot": "E:\\.NET WORKSPACE-1\\Websites1\\2023\\2024\\GOOGLE-KEEP-CLONE\\FunDooNotes\\FunDooNotes\\FunDooNotes" }
{ "time": "2024-04-17 10:51:15.4580", "event": "0", "level": "DEBUG", "logger": "Program", "message": "init main" }
{ "time": "2024-04-17 10:51:16.3850", "event": "14", "level": "INFO", "logger": "Microsoft.Hosting.Lifetime", "message": "Now listening on: https://localhost:7178", "address": "https://localhost:7178", "EventId": 14, "EventName": "ListeningOnAddress" }
{ "time": "2024-04-17 10:51:16.3933", "event": "14", "level": "INFO", "logger": "Microsoft.Hosting.Lifetime", "message": "Now listening on: http://localhost:5069", "address": "http://localhost:5069", "EventId": 14, "EventName": "ListeningOnAddress" }
{ "time": "2024-04-17 10:51:16.3933", "event": "0", "level": "INFO", "logger": "Microsoft.Hosting.Lifetime", "message": "Application started. Press Ctrl+C to shut down." }
{ "time": "2024-04-17 10:51:16.3933", "event": "0", "level": "INFO", "logger": "Microsoft.Hosting.Lifetime", "message": "Hosting environment: Development", "EnvName": "Development" }
{ "time": "2024-04-17 10:51:16.3933", "event": "0", "level": "INFO", "logger": "Microsoft.Hosting.Lifetime", "message": "Content root path: E:\\.NET WORKSPACE-1\\Websites1\\2023\\2024\\GOOGLE-KEEP-CLONE\\FunDooNotes\\FunDooNotes\\FunDooNotes", "ContentRoot": "E:\\.NET WORKSPACE-1\\Websites1\\2023\\2024\\GOOGLE-KEEP-CLONE\\FunDooNotes\\FunDooNotes\\FunDooNotes" }
{ "time": "2024-04-17 10:55:36.0195", "event": "0", "level": "DEBUG", "logger": "Program", "message": "init main" }
{ "time": "2024-04-17 10:55:37.0075", "event": "14", "level": "INFO", "logger": "Microsoft.Hosting.Lifetime", "message": "Now listening on: https://localhost:7178", "address": "https://localhost:7178", "EventId": 14, "EventName": "ListeningOnAddress" }
{ "time": "2024-04-17 10:55:37.0292", "event": "14", "level": "INFO", "logger": "Microsoft.Hosting.Lifetime", "message": "Now listening on: http://localhost:5069", "address": "http://localhost:5069", "EventId": 14, "EventName": "ListeningOnAddress" }
{ "time": "2024-04-17 10:55:37.0300", "event": "0", "level": "INFO", "logger": "Microsoft.Hosting.Lifetime", "message": "Application started. Press Ctrl+C to shut down." }
{ "time": "2024-04-17 10:55:37.0300", "event": "0", "level": "INFO", "logger": "Microsoft.Hosting.Lifetime", "message": "Hosting environment: Development", "EnvName": "Development" }
{ "time": "2024-04-17 10:55:37.0300", "event": "0", "level": "INFO", "logger": "Microsoft.Hosting.Lifetime", "message": "Content root path: E:\\.NET WORKSPACE-1\\Websites1\\2023\\2024\\GOOGLE-KEEP-CLONE\\FunDooNotes\\FunDooNotes\\FunDooNotes", "ContentRoot": "E:\\.NET WORKSPACE-1\\Websites1\\2023\\2024\\GOOGLE-KEEP-CLONE\\FunDooNotes\\FunDooNotes\\FunDooNotes" }
{ "time": "2024-04-17 10:55:52.7492", "event": "1", "level": "ERROR", "logger": "Microsoft.AspNetCore.Diagnostics.DeveloperExceptionPageMiddleware", "message": "An unhandled exception has occurred while executing the request.", "exception": "Microsoft.AspNetCore.Routing.Matching.AmbiguousMatchException: The request matched multiple endpoints. Matches: \r\n\r\nFunDooNotes.Controllers.NoteController.MoveToTrashAsync (FunDooNotes)\r\nFunDooNotes.Controllers.NoteController.IsArchived (FunDooNotes)\r\n   at Microsoft.AspNetCore.Routing.Matching.DefaultEndpointSelector.ReportAmbiguity(Span`1 candidateState)\r\n   at Microsoft.AspNetCore.Routing.Matching.DefaultEndpointSelector.ProcessFinalCandidates(HttpContext httpContext, Span`1 candidateState)\r\n   at Microsoft.AspNetCore.Routing.Matching.DefaultEndpointSelector.Select(HttpContext httpContext, Span`1 candidateState)\r\n   at Microsoft.AspNetCore.Routing.Matching.DfaMatcher.MatchAsync(HttpContext httpContext)\r\n   at Microsoft.AspNetCore.Routing.EndpointRoutingMiddleware.Invoke(HttpContext httpContext)\r\n   at Microsoft.AspNetCore.Diagnostics.DeveloperExceptionPageMiddlewareImpl.Invoke(HttpContext context)", "url": "https://localhost/api/note/99999", "EventId": 1, "EventName": "UnhandledException" }
{ "time": "2024-04-17 11:28:40.0957", "event": "1", "level": "ERROR", "logger": "Microsoft.AspNetCore.Diagnostics.DeveloperExceptionPageMiddleware", "message": "An unhandled exception has occurred while executing the request.", "exception": "Microsoft.AspNetCore.Routing.Matching.AmbiguousMatchException: The request matched multiple endpoints. Matches: \r\n\r\nFunDooNotes.Controllers.NoteController.MoveToTrashAsync (FunDooNotes)\r\nFunDooNotes.Controllers.NoteController.IsArchived (FunDooNotes)\r\n   at Microsoft.AspNetCore.Routing.Matching.DefaultEndpointSelector.ReportAmbiguity(Span`1 candidateState)\r\n   at Microsoft.AspNetCore.Routing.Matching.DefaultEndpointSelector.ProcessFinalCandidates(HttpContext httpContext, Span`1 candidateState)\r\n   at Microsoft.AspNetCore.Routing.Matching.DfaMatcher.MatchAsync(HttpContext httpContext)\r\n   at Microsoft.AspNetCore.Diagnostics.DeveloperExceptionPageMiddlewareImpl.Invoke(HttpContext context)", "url": "https://localhost/api/note/9007", "EventId": 1, "EventName": "UnhandledException" }
{ "time": "2024-04-17 11:28:56.9314", "event": "1", "level": "ERROR", "logger": "Microsoft.AspNetCore.Diagnostics.DeveloperExceptionPageMiddleware", "message": "An unhandled exception has occurred while executing the request.", "exception": "Microsoft.AspNetCore.Routing.Matching.AmbiguousMatchException: The request matched multiple endpoints. Matches: \r\n\r\nFunDooNotes.Controllers.NoteController.MoveToTrashAsync (FunDooNotes)\r\nFunDooNotes.Controllers.NoteController.IsArchived (FunDooNotes)\r\n   at Microsoft.AspNetCore.Routing.Matching.DefaultEndpointSelector.ReportAmbiguity(Span`1 candidateState)\r\n   at Microsoft.AspNetCore.Routing.Matching.DefaultEndpointSelector.ProcessFinalCandidates(HttpContext httpContext, Span`1 candidateState)\r\n   at Microsoft.AspNetCore.Routing.Matching.DfaMatcher.MatchAsync(HttpContext httpContext)\r\n   at Microsoft.AspNetCore.Diagnostics.DeveloperExceptionPageMiddlewareImpl.Invoke(HttpContext context)", "url": "https://localhost/api/note/2", "EventId": 1, "EventName": "UnhandledException" }
{ "time": "2024-04-17 11:29:20.0110", "event": "1", "level": "ERROR", "logger": "Microsoft.AspNetCore.Diagnostics.DeveloperExceptionPageMiddleware", "message": "An unhandled exception has occurred while executing the request.", "exception": "Microsoft.AspNetCore.Routing.Matching.AmbiguousMatchException: The request matched multiple endpoints. Matches: \r\n\r\nFunDooNotes.Controllers.NoteController.MoveToTrashAsync (FunDooNotes)\r\nFunDooNotes.Controllers.NoteController.IsArchived (FunDooNotes)\r\n   at Microsoft.AspNetCore.Routing.Matching.DefaultEndpointSelector.ReportAmbiguity(Span`1 candidateState)\r\n   at Microsoft.AspNetCore.Routing.Matching.DefaultEndpointSelector.ProcessFinalCandidates(HttpContext httpContext, Span`1 candidateState)\r\n   at Microsoft.AspNetCore.Routing.Matching.DfaMatcher.MatchAsync(HttpContext httpContext)\r\n   at Microsoft.AspNetCore.Diagnostics.DeveloperExceptionPageMiddlewareImpl.Invoke(HttpContext context)", "url": "https://localhost/api/note/1", "EventId": 1, "EventName": "UnhandledException" }
{ "time": "2024-04-17 11:30:47.8269", "event": "0", "level": "DEBUG", "logger": "FunDooNotes.Controllers.UserController", "message": "Nlog is integrated to User Controller", "url": "https://localhost/api/user/login", "action": "UserLogin" }
{ "time": "2024-04-17 11:31:55.5084", "event": "1", "level": "ERROR", "logger": "Microsoft.AspNetCore.Diagnostics.DeveloperExceptionPageMiddleware", "message": "An unhandled exception has occurred while executing the request.", "exception": "Microsoft.AspNetCore.Routing.Matching.AmbiguousMatchException: The request matched multiple endpoints. Matches: \r\n\r\nFunDooNotes.Controllers.NoteController.MoveToTrashAsync (FunDooNotes)\r\nFunDooNotes.Controllers.NoteController.IsArchived (FunDooNotes)\r\n   at Microsoft.AspNetCore.Routing.Matching.DefaultEndpointSelector.ReportAmbiguity(Span`1 candidateState)\r\n   at Microsoft.AspNetCore.Routing.Matching.DefaultEndpointSelector.ProcessFinalCandidates(HttpContext httpContext, Span`1 candidateState)\r\n   at Microsoft.AspNetCore.Routing.Matching.DfaMatcher.MatchAsync(HttpContext httpContext)\r\n   at Microsoft.AspNetCore.Diagnostics.DeveloperExceptionPageMiddlewareImpl.Invoke(HttpContext context)", "url": "https://localhost/api/note/1", "EventId": 1, "EventName": "UnhandledException" }
{ "time": "2024-04-17 11:32:07.7523", "event": "1", "level": "ERROR", "logger": "Microsoft.AspNetCore.Diagnostics.DeveloperExceptionPageMiddleware", "message": "An unhandled exception has occurred while executing the request.", "exception": "Microsoft.AspNetCore.Routing.Matching.AmbiguousMatchException: The request matched multiple endpoints. Matches: \r\n\r\nFunDooNotes.Controllers.NoteController.MoveToTrashAsync (FunDooNotes)\r\nFunDooNotes.Controllers.NoteController.IsArchived (FunDooNotes)\r\n   at Microsoft.AspNetCore.Routing.Matching.DefaultEndpointSelector.ReportAmbiguity(Span`1 candidateState)\r\n   at Microsoft.AspNetCore.Routing.Matching.DefaultEndpointSelector.ProcessFinalCandidates(HttpContext httpContext, Span`1 candidateState)\r\n   at Microsoft.AspNetCore.Routing.Matching.DfaMatcher.MatchAsync(HttpContext httpContext)\r\n   at Microsoft.AspNetCore.Diagnostics.DeveloperExceptionPageMiddlewareImpl.Invoke(HttpContext context)", "url": "https://localhost/api/note/1", "EventId": 1, "EventName": "UnhandledException" }
{ "time": "2024-04-17 11:35:26.3175", "event": "0", "level": "DEBUG", "logger": "Program", "message": "init main" }
{ "time": "2024-04-17 11:35:29.2160", "event": "14", "level": "INFO", "logger": "Microsoft.Hosting.Lifetime", "message": "Now listening on: https://localhost:7178", "address": "https://localhost:7178", "EventId": 14, "EventName": "ListeningOnAddress" }
{ "time": "2024-04-17 11:35:29.2330", "event": "14", "level": "INFO", "logger": "Microsoft.Hosting.Lifetime", "message": "Now listening on: http://localhost:5069", "address": "http://localhost:5069", "EventId": 14, "EventName": "ListeningOnAddress" }
{ "time": "2024-04-17 11:35:29.2460", "event": "0", "level": "INFO", "logger": "Microsoft.Hosting.Lifetime", "message": "Application started. Press Ctrl+C to shut down." }
{ "time": "2024-04-17 11:35:29.2460", "event": "0", "level": "INFO", "logger": "Microsoft.Hosting.Lifetime", "message": "Hosting environment: Development", "EnvName": "Development" }
{ "time": "2024-04-17 11:35:29.2460", "event": "0", "level": "INFO", "logger": "Microsoft.Hosting.Lifetime", "message": "Content root path: E:\\.NET WORKSPACE-1\\Websites1\\2023\\2024\\GOOGLE-KEEP-CLONE\\FunDooNotes\\FunDooNotes\\FunDooNotes", "ContentRoot": "E:\\.NET WORKSPACE-1\\Websites1\\2023\\2024\\GOOGLE-KEEP-CLONE\\FunDooNotes\\FunDooNotes\\FunDooNotes" }
{ "time": "2024-04-17 11:48:40.4524", "event": "0", "level": "DEBUG", "logger": "FunDooNotes.Controllers.UserController", "message": "Nlog is integrated to User Controller", "url": "https://localhost/api/user/login", "action": "UserLogin" }
{ "time": "2024-04-17 11:58:26.7202", "event": "0", "level": "DEBUG", "logger": "Program", "message": "init main" }
{ "time": "2024-04-17 11:58:27.5765", "event": "14", "level": "INFO", "logger": "Microsoft.Hosting.Lifetime", "message": "Now listening on: https://localhost:7178", "address": "https://localhost:7178", "EventId": 14, "EventName": "ListeningOnAddress" }
{ "time": "2024-04-17 11:58:27.5895", "event": "14", "level": "INFO", "logger": "Microsoft.Hosting.Lifetime", "message": "Now listening on: http://localhost:5069", "address": "http://localhost:5069", "EventId": 14, "EventName": "ListeningOnAddress" }
{ "time": "2024-04-17 11:58:27.5895", "event": "0", "level": "INFO", "logger": "Microsoft.Hosting.Lifetime", "message": "Application started. Press Ctrl+C to shut down." }
{ "time": "2024-04-17 11:58:27.5895", "event": "0", "level": "INFO", "logger": "Microsoft.Hosting.Lifetime", "message": "Hosting environment: Development", "EnvName": "Development" }
{ "time": "2024-04-17 11:58:27.5895", "event": "0", "level": "INFO", "logger": "Microsoft.Hosting.Lifetime", "message": "Content root path: E:\\.NET WORKSPACE-1\\Websites1\\2023\\2024\\GOOGLE-KEEP-CLONE\\FunDooNotes\\FunDooNotes\\FunDooNotes", "ContentRoot": "E:\\.NET WORKSPACE-1\\Websites1\\2023\\2024\\GOOGLE-KEEP-CLONE\\FunDooNotes\\FunDooNotes\\FunDooNotes" }
{ "time": "2024-04-17 12:00:39.9887", "event": "0", "level": "DEBUG", "logger": "FunDooNotes.Controllers.UserController", "message": "Nlog is integrated to User Controller", "url": "https://localhost/api/user/login", "action": "UserLogin" }
{ "time": "2024-04-17 12:06:51.0955", "event": "0", "level": "DEBUG", "logger": "Program", "message": "init main" }
{ "time": "2024-04-17 12:06:52.2095", "event": "14", "level": "INFO", "logger": "Microsoft.Hosting.Lifetime", "message": "Now listening on: https://localhost:7178", "address": "https://localhost:7178", "EventId": 14, "EventName": "ListeningOnAddress" }
{ "time": "2024-04-17 12:06:52.2230", "event": "14", "level": "INFO", "logger": "Microsoft.Hosting.Lifetime", "message": "Now listening on: http://localhost:5069", "address": "http://localhost:5069", "EventId": 14, "EventName": "ListeningOnAddress" }
{ "time": "2024-04-17 12:06:52.2230", "event": "0", "level": "INFO", "logger": "Microsoft.Hosting.Lifetime", "message": "Application started. Press Ctrl+C to shut down." }
{ "time": "2024-04-17 12:06:52.2230", "event": "0", "level": "INFO", "logger": "Microsoft.Hosting.Lifetime", "message": "Hosting environment: Development", "EnvName": "Development" }
{ "time": "2024-04-17 12:06:52.2230", "event": "0", "level": "INFO", "logger": "Microsoft.Hosting.Lifetime", "message": "Content root path: E:\\.NET WORKSPACE-1\\Websites1\\2023\\2024\\GOOGLE-KEEP-CLONE\\FunDooNotes\\FunDooNotes\\FunDooNotes", "ContentRoot": "E:\\.NET WORKSPACE-1\\Websites1\\2023\\2024\\GOOGLE-KEEP-CLONE\\FunDooNotes\\FunDooNotes\\FunDooNotes" }
{ "time": "2024-04-17 12:31:45.0094", "event": "0", "level": "DEBUG", "logger": "Program", "message": "init main" }
{ "time": "2024-04-17 12:31:46.0813", "event": "14", "level": "INFO", "logger": "Microsoft.Hosting.Lifetime", "message": "Now listening on: https://localhost:7178", "address": "https://localhost:7178", "EventId": 14, "EventName": "ListeningOnAddress" }
{ "time": "2024-04-17 12:31:46.0973", "event": "14", "level": "INFO", "logger": "Microsoft.Hosting.Lifetime", "message": "Now listening on: http://localhost:5069", "address": "http://localhost:5069", "EventId": 14, "EventName": "ListeningOnAddress" }
{ "time": "2024-04-17 12:31:46.0973", "event": "0", "level": "INFO", "logger": "Microsoft.Hosting.Lifetime", "message": "Application started. Press Ctrl+C to shut down." }
{ "time": "2024-04-17 12:31:46.0973", "event": "0", "level": "INFO", "logger": "Microsoft.Hosting.Lifetime", "message": "Hosting environment: Development", "EnvName": "Development" }
{ "time": "2024-04-17 12:31:46.0973", "event": "0", "level": "INFO", "logger": "Microsoft.Hosting.Lifetime", "message": "Content root path: E:\\.NET WORKSPACE-1\\Websites1\\2023\\2024\\GOOGLE-KEEP-CLONE\\FunDooNotes\\FunDooNotes\\FunDooNotes", "ContentRoot": "E:\\.NET WORKSPACE-1\\Websites1\\2023\\2024\\GOOGLE-KEEP-CLONE\\FunDooNotes\\FunDooNotes\\FunDooNotes" }
{ "time": "2024-04-17 12:36:30.1886", "event": "0", "level": "DEBUG", "logger": "Program", "message": "init main" }
{ "time": "2024-04-17 12:36:31.1121", "event": "14", "level": "INFO", "logger": "Microsoft.Hosting.Lifetime", "message": "Now listening on: https://localhost:7178", "address": "https://localhost:7178", "EventId": 14, "EventName": "ListeningOnAddress" }
{ "time": "2024-04-17 12:36:31.1254", "event": "14", "level": "INFO", "logger": "Microsoft.Hosting.Lifetime", "message": "Now listening on: http://localhost:5069", "address": "http://localhost:5069", "EventId": 14, "EventName": "ListeningOnAddress" }
{ "time": "2024-04-17 12:36:31.1254", "event": "0", "level": "INFO", "logger": "Microsoft.Hosting.Lifetime", "message": "Application started. Press Ctrl+C to shut down." }
{ "time": "2024-04-17 12:36:31.1254", "event": "0", "level": "INFO", "logger": "Microsoft.Hosting.Lifetime", "message": "Hosting environment: Development", "EnvName": "Development" }
{ "time": "2024-04-17 12:36:31.1254", "event": "0", "level": "INFO", "logger": "Microsoft.Hosting.Lifetime", "message": "Content root path: E:\\.NET WORKSPACE-1\\Websites1\\2023\\2024\\GOOGLE-KEEP-CLONE\\FunDooNotes\\FunDooNotes\\FunDooNotes", "ContentRoot": "E:\\.NET WORKSPACE-1\\Websites1\\2023\\2024\\GOOGLE-KEEP-CLONE\\FunDooNotes\\FunDooNotes\\FunDooNotes" }
{ "time": "2024-04-17 12:41:23.1290", "event": "0", "level": "DEBUG", "logger": "Program", "message": "init main" }
{ "time": "2024-04-17 12:41:24.0161", "event": "14", "level": "INFO", "logger": "Microsoft.Hosting.Lifetime", "message": "Now listening on: https://localhost:7178", "address": "https://localhost:7178", "EventId": 14, "EventName": "ListeningOnAddress" }
{ "time": "2024-04-17 12:41:24.0161", "event": "14", "level": "INFO", "logger": "Microsoft.Hosting.Lifetime", "message": "Now listening on: http://localhost:5069", "address": "http://localhost:5069", "EventId": 14, "EventName": "ListeningOnAddress" }
{ "time": "2024-04-17 12:41:24.0161", "event": "0", "level": "INFO", "logger": "Microsoft.Hosting.Lifetime", "message": "Application started. Press Ctrl+C to shut down." }
{ "time": "2024-04-17 12:41:24.0161", "event": "0", "level": "INFO", "logger": "Microsoft.Hosting.Lifetime", "message": "Hosting environment: Development", "EnvName": "Development" }
{ "time": "2024-04-17 12:41:24.0161", "event": "0", "level": "INFO", "logger": "Microsoft.Hosting.Lifetime", "message": "Content root path: E:\\.NET WORKSPACE-1\\Websites1\\2023\\2024\\GOOGLE-KEEP-CLONE\\FunDooNotes\\FunDooNotes\\FunDooNotes", "ContentRoot": "E:\\.NET WORKSPACE-1\\Websites1\\2023\\2024\\GOOGLE-KEEP-CLONE\\FunDooNotes\\FunDooNotes\\FunDooNotes" }
{ "time": "2024-04-17 12:44:21.5048", "event": "0", "level": "DEBUG", "logger": "Program", "message": "init main" }
{ "time": "2024-04-17 12:44:22.5803", "event": "14", "level": "INFO", "logger": "Microsoft.Hosting.Lifetime", "message": "Now listening on: https://localhost:7178", "address": "https://localhost:7178", "EventId": 14, "EventName": "ListeningOnAddress" }
{ "time": "2024-04-17 12:44:22.5803", "event": "14", "level": "INFO", "logger": "Microsoft.Hosting.Lifetime", "message": "Now listening on: http://localhost:5069", "address": "http://localhost:5069", "EventId": 14, "EventName": "ListeningOnAddress" }
{ "time": "2024-04-17 12:44:22.5803", "event": "0", "level": "INFO", "logger": "Microsoft.Hosting.Lifetime", "message": "Application started. Press Ctrl+C to shut down." }
{ "time": "2024-04-17 12:44:22.5803", "event": "0", "level": "INFO", "logger": "Microsoft.Hosting.Lifetime", "message": "Hosting environment: Development", "EnvName": "Development" }
{ "time": "2024-04-17 12:44:22.5803", "event": "0", "level": "INFO", "logger": "Microsoft.Hosting.Lifetime", "message": "Content root path: E:\\.NET WORKSPACE-1\\Websites1\\2023\\2024\\GOOGLE-KEEP-CLONE\\FunDooNotes\\FunDooNotes\\FunDooNotes", "ContentRoot": "E:\\.NET WORKSPACE-1\\Websites1\\2023\\2024\\GOOGLE-KEEP-CLONE\\FunDooNotes\\FunDooNotes\\FunDooNotes" }
{ "time": "2024-04-17 12:50:34.3901", "event": "0", "level": "DEBUG", "logger": "Program", "message": "init main" }
{ "time": "2024-04-17 12:50:36.3808", "event": "14", "level": "INFO", "logger": "Microsoft.Hosting.Lifetime", "message": "Now listening on: https://localhost:7178", "address": "https://localhost:7178", "EventId": 14, "EventName": "ListeningOnAddress" }
{ "time": "2024-04-17 12:50:36.4037", "event": "14", "level": "INFO", "logger": "Microsoft.Hosting.Lifetime", "message": "Now listening on: http://localhost:5069", "address": "http://localhost:5069", "EventId": 14, "EventName": "ListeningOnAddress" }
{ "time": "2024-04-17 12:50:36.4563", "event": "0", "level": "INFO", "logger": "Microsoft.Hosting.Lifetime", "message": "Application started. Press Ctrl+C to shut down." }
{ "time": "2024-04-17 12:50:36.5186", "event": "0", "level": "INFO", "logger": "Microsoft.Hosting.Lifetime", "message": "Hosting environment: Development", "EnvName": "Development" }
{ "time": "2024-04-17 12:50:36.5186", "event": "0", "level": "INFO", "logger": "Microsoft.Hosting.Lifetime", "message": "Content root path: E:\\.NET WORKSPACE-1\\Websites1\\2023\\2024\\GOOGLE-KEEP-CLONE\\FunDooNotes\\FunDooNotes\\FunDooNotes", "ContentRoot": "E:\\.NET WORKSPACE-1\\Websites1\\2023\\2024\\GOOGLE-KEEP-CLONE\\FunDooNotes\\FunDooNotes\\FunDooNotes" }
{ "time": "2024-04-17 12:52:45.8446", "event": "0", "level": "DEBUG", "logger": "Program", "message": "init main" }
{ "time": "2024-04-17 12:52:46.9429", "event": "14", "level": "INFO", "logger": "Microsoft.Hosting.Lifetime", "message": "Now listening on: https://localhost:7178", "address": "https://localhost:7178", "EventId": 14, "EventName": "ListeningOnAddress" }
{ "time": "2024-04-17 12:52:46.9625", "event": "14", "level": "INFO", "logger": "Microsoft.Hosting.Lifetime", "message": "Now listening on: http://localhost:5069", "address": "http://localhost:5069", "EventId": 14, "EventName": "ListeningOnAddress" }
{ "time": "2024-04-17 12:52:46.9625", "event": "0", "level": "INFO", "logger": "Microsoft.Hosting.Lifetime", "message": "Application started. Press Ctrl+C to shut down." }
{ "time": "2024-04-17 12:52:46.9625", "event": "0", "level": "INFO", "logger": "Microsoft.Hosting.Lifetime", "message": "Hosting environment: Development", "EnvName": "Development" }
{ "time": "2024-04-17 12:52:46.9625", "event": "0", "level": "INFO", "logger": "Microsoft.Hosting.Lifetime", "message": "Content root path: E:\\.NET WORKSPACE-1\\Websites1\\2023\\2024\\GOOGLE-KEEP-CLONE\\FunDooNotes\\FunDooNotes\\FunDooNotes", "ContentRoot": "E:\\.NET WORKSPACE-1\\Websites1\\2023\\2024\\GOOGLE-KEEP-CLONE\\FunDooNotes\\FunDooNotes\\FunDooNotes" }
{ "time": "2024-04-17 12:54:49.2187", "event": "0", "level": "DEBUG", "logger": "Program", "message": "init main" }
{ "time": "2024-04-17 12:54:58.1588", "event": "14", "level": "INFO", "logger": "Microsoft.Hosting.Lifetime", "message": "Now listening on: https://localhost:7178", "address": "https://localhost:7178", "EventId": 14, "EventName": "ListeningOnAddress" }
{ "time": "2024-04-17 12:54:58.1786", "event": "14", "level": "INFO", "logger": "Microsoft.Hosting.Lifetime", "message": "Now listening on: http://localhost:5069", "address": "http://localhost:5069", "EventId": 14, "EventName": "ListeningOnAddress" }
{ "time": "2024-04-17 12:54:58.1786", "event": "0", "level": "INFO", "logger": "Microsoft.Hosting.Lifetime", "message": "Application started. Press Ctrl+C to shut down." }
{ "time": "2024-04-17 12:54:58.1786", "event": "0", "level": "INFO", "logger": "Microsoft.Hosting.Lifetime", "message": "Hosting environment: Development", "EnvName": "Development" }
{ "time": "2024-04-17 12:54:58.1786", "event": "0", "level": "INFO", "logger": "Microsoft.Hosting.Lifetime", "message": "Content root path: E:\\.NET WORKSPACE-1\\Websites1\\2023\\2024\\GOOGLE-KEEP-CLONE\\FunDooNotes\\FunDooNotes\\FunDooNotes", "ContentRoot": "E:\\.NET WORKSPACE-1\\Websites1\\2023\\2024\\GOOGLE-KEEP-CLONE\\FunDooNotes\\FunDooNotes\\FunDooNotes" }
{ "time": "2024-04-17 12:55:45.0332", "event": "0", "level": "DEBUG", "logger": "FunDooNotes.Controllers.UserController", "message": "Nlog is integrated to User Controller", "url": "https://localhost/api/user/login", "action": "UserLogin" }
{ "time": "2024-04-17 13:00:19.1506", "event": "0", "level": "DEBUG", "logger": "Program", "message": "init main" }
{ "time": "2024-04-17 13:00:20.0297", "event": "14", "level": "INFO", "logger": "Microsoft.Hosting.Lifetime", "message": "Now listening on: https://localhost:7178", "address": "https://localhost:7178", "EventId": 14, "EventName": "ListeningOnAddress" }
{ "time": "2024-04-17 13:00:20.0405", "event": "14", "level": "INFO", "logger": "Microsoft.Hosting.Lifetime", "message": "Now listening on: http://localhost:5069", "address": "http://localhost:5069", "EventId": 14, "EventName": "ListeningOnAddress" }
{ "time": "2024-04-17 13:00:20.0405", "event": "0", "level": "INFO", "logger": "Microsoft.Hosting.Lifetime", "message": "Application started. Press Ctrl+C to shut down." }
{ "time": "2024-04-17 13:00:20.0405", "event": "0", "level": "INFO", "logger": "Microsoft.Hosting.Lifetime", "message": "Hosting environment: Development", "EnvName": "Development" }
{ "time": "2024-04-17 13:00:20.0405", "event": "0", "level": "INFO", "logger": "Microsoft.Hosting.Lifetime", "message": "Content root path: E:\\.NET WORKSPACE-1\\Websites1\\2023\\2024\\GOOGLE-KEEP-CLONE\\FunDooNotes\\FunDooNotes\\FunDooNotes", "ContentRoot": "E:\\.NET WORKSPACE-1\\Websites1\\2023\\2024\\GOOGLE-KEEP-CLONE\\FunDooNotes\\FunDooNotes\\FunDooNotes" }
{ "time": "2024-04-17 13:03:59.5205", "event": "0", "level": "DEBUG", "logger": "Program", "message": "init main" }
{ "time": "2024-04-17 13:04:00.4617", "event": "14", "level": "INFO", "logger": "Microsoft.Hosting.Lifetime", "message": "Now listening on: https://localhost:7178", "address": "https://localhost:7178", "EventId": 14, "EventName": "ListeningOnAddress" }
{ "time": "2024-04-17 13:04:00.4745", "event": "14", "level": "INFO", "logger": "Microsoft.Hosting.Lifetime", "message": "Now listening on: http://localhost:5069", "address": "http://localhost:5069", "EventId": 14, "EventName": "ListeningOnAddress" }
{ "time": "2024-04-17 13:04:00.4745", "event": "0", "level": "INFO", "logger": "Microsoft.Hosting.Lifetime", "message": "Application started. Press Ctrl+C to shut down." }
{ "time": "2024-04-17 13:04:00.4745", "event": "0", "level": "INFO", "logger": "Microsoft.Hosting.Lifetime", "message": "Hosting environment: Development", "EnvName": "Development" }
{ "time": "2024-04-17 13:04:00.4745", "event": "0", "level": "INFO", "logger": "Microsoft.Hosting.Lifetime", "message": "Content root path: E:\\.NET WORKSPACE-1\\Websites1\\2023\\2024\\GOOGLE-KEEP-CLONE\\FunDooNotes\\FunDooNotes\\FunDooNotes", "ContentRoot": "E:\\.NET WORKSPACE-1\\Websites1\\2023\\2024\\GOOGLE-KEEP-CLONE\\FunDooNotes\\FunDooNotes\\FunDooNotes" }
{ "time": "2024-04-17 13:04:58.5946", "event": "0", "level": "DEBUG", "logger": "Program", "message": "init main" }
{ "time": "2024-04-17 13:04:59.9157", "event": "14", "level": "INFO", "logger": "Microsoft.Hosting.Lifetime", "message": "Now listening on: https://localhost:7178", "address": "https://localhost:7178", "EventId": 14, "EventName": "ListeningOnAddress" }
{ "time": "2024-04-17 13:04:59.9477", "event": "14", "level": "INFO", "logger": "Microsoft.Hosting.Lifetime", "message": "Now listening on: http://localhost:5069", "address": "http://localhost:5069", "EventId": 14, "EventName": "ListeningOnAddress" }
{ "time": "2024-04-17 13:04:59.9665", "event": "0", "level": "INFO", "logger": "Microsoft.Hosting.Lifetime", "message": "Application started. Press Ctrl+C to shut down." }
{ "time": "2024-04-17 13:04:59.9723", "event": "0", "level": "INFO", "logger": "Microsoft.Hosting.Lifetime", "message": "Hosting environment: Development", "EnvName": "Development" }
{ "time": "2024-04-17 13:04:59.9723", "event": "0", "level": "INFO", "logger": "Microsoft.Hosting.Lifetime", "message": "Content root path: E:\\.NET WORKSPACE-1\\Websites1\\2023\\2024\\GOOGLE-KEEP-CLONE\\FunDooNotes\\FunDooNotes\\FunDooNotes", "ContentRoot": "E:\\.NET WORKSPACE-1\\Websites1\\2023\\2024\\GOOGLE-KEEP-CLONE\\FunDooNotes\\FunDooNotes\\FunDooNotes" }
{ "time": "2024-04-17 13:11:21.0559", "event": "0", "level": "DEBUG", "logger": "Program", "message": "init main" }
{ "time": "2024-04-17 13:11:22.0919", "event": "14", "level": "INFO", "logger": "Microsoft.Hosting.Lifetime", "message": "Now listening on: https://localhost:7178", "address": "https://localhost:7178", "EventId": 14, "EventName": "ListeningOnAddress" }
{ "time": "2024-04-17 13:11:22.1165", "event": "14", "level": "INFO", "logger": "Microsoft.Hosting.Lifetime", "message": "Now listening on: http://localhost:5069", "address": "http://localhost:5069", "EventId": 14, "EventName": "ListeningOnAddress" }
{ "time": "2024-04-17 13:11:22.1165", "event": "0", "level": "INFO", "logger": "Microsoft.Hosting.Lifetime", "message": "Application started. Press Ctrl+C to shut down." }
{ "time": "2024-04-17 13:11:22.1250", "event": "0", "level": "INFO", "logger": "Microsoft.Hosting.Lifetime", "message": "Hosting environment: Development", "EnvName": "Development" }
{ "time": "2024-04-17 13:11:22.1250", "event": "0", "level": "INFO", "logger": "Microsoft.Hosting.Lifetime", "message": "Content root path: E:\\.NET WORKSPACE-1\\Websites1\\2023\\2024\\GOOGLE-KEEP-CLONE\\FunDooNotes\\FunDooNotes\\FunDooNotes", "ContentRoot": "E:\\.NET WORKSPACE-1\\Websites1\\2023\\2024\\GOOGLE-KEEP-CLONE\\FunDooNotes\\FunDooNotes\\FunDooNotes" }
